<?xml version="1.0" encoding="UTF-8"?>
<!-- Generated by org.testng.reporters.JUnitReportReporter -->
<testsuite hostname="Rk-PC" name="com.Xero.Tests.Task2" tests="4" failures="0" timestamp="1 Jul 2014 10:57:14 GMT" time="34.022" errors="0">
  <testcase name="emptyFieldValidation" time="11.144" classname="com.Xero.Tests.Task2"/>
  <testcase name="itemDropDownValidation" time="4.029" classname="com.Xero.Tests.Task2"/>
  <testcase name="createNewInvoice" time="10.649" classname="com.Xero.Tests.Task2"/>
  <testcase name="tablevalidation" time="8.200" classname="com.Xero.Tests.Task2"/>
</testsuite> <!-- com.Xero.Tests.Task2 -->
