<?xml version="1.0" encoding="UTF-8"?>
<!-- Generated by org.testng.reporters.JUnitReportReporter -->
<testsuite hostname="Rk-PC" name="com.Xero.Tests.Task1" tests="1" failures="0" timestamp="1 Jul 2014 09:24:40 GMT" time="108.111" errors="0">
  <testcase name="task1" time="108.111" classname="com.Xero.Tests.Task1"/>
</testsuite> <!-- com.Xero.Tests.Task1 -->
