<?xml version="1.0" encoding="UTF-8"?>
<!-- Generated by org.testng.reporters.JUnitReportReporter -->
<testsuite hostname="Rk-PC" name="com.Xero.Tests.Task1" tests="1" failures="0" timestamp="1 Jul 2014 10:57:14 GMT" time="96.804" errors="0">
  <testcase name="task1" time="96.804" classname="com.Xero.Tests.Task1"/>
</testsuite> <!-- com.Xero.Tests.Task1 -->
