<?xml version="1.0" encoding="UTF-8"?>
<!-- Generated by org.testng.reporters.JUnitReportReporter -->
<testsuite hostname="Rk-PC" name="com.Xero.Tests.Task2" tests="4" failures="0" timestamp="1 Jul 2014 08:11:57 GMT" time="34.549" errors="0">
  <testcase name="createNewInvoice" time="10.968" classname="com.Xero.Tests.Task2"/>
  <testcase name="itemDropDownValidation" time="4.735" classname="com.Xero.Tests.Task2"/>
  <testcase name="emptyFieldValidation" time="11.738" classname="com.Xero.Tests.Task2"/>
  <testcase name="tablevalidation" time="7.108" classname="com.Xero.Tests.Task2"/>
</testsuite> <!-- com.Xero.Tests.Task2 -->
