<?xml version="1.0" encoding="UTF-8"?>
<!-- Generated by org.testng.reporters.JUnitReportReporter -->
<testsuite hostname="Rk-PC" name="com.Xero.Tests.Task2" tests="4" failures="0" timestamp="1 Jul 2014 13:34:50 GMT" time="31.483" errors="0">
  <testcase name="emptyFieldValidation" time="10.755" classname="com.Xero.Tests.Task2"/>
  <testcase name="createNewInvoice" time="10.599" classname="com.Xero.Tests.Task2"/>
  <testcase name="tablevalidation" time="5.922" classname="com.Xero.Tests.Task2"/>
  <testcase name="itemDropDownValidation" time="4.207" classname="com.Xero.Tests.Task2"/>
</testsuite> <!-- com.Xero.Tests.Task2 -->
