<?xml version="1.0" encoding="UTF-8"?>
<!-- Generated by org.testng.reporters.JUnitReportReporter -->
<testsuite hostname="Rk-PC" name="com.Xero.Tests.Task2" tests="4" failures="0" timestamp="1 Jul 2014 04:06:25 GMT" time="32.812" errors="0">
  <testcase name="emptyFieldValidation" time="11.320" classname="com.Xero.Tests.Task2"/>
  <testcase name="tablevalidation" time="6.195" classname="com.Xero.Tests.Task2"/>
  <testcase name="createNewInvoice" time="10.859" classname="com.Xero.Tests.Task2"/>
  <testcase name="itemDropDownValidation" time="4.438" classname="com.Xero.Tests.Task2"/>
</testsuite> <!-- com.Xero.Tests.Task2 -->
